2023-08-12 01:59:05,921 - com.vihara.webapiautomation.Web.testCases.BaseUITest -INFO - Scenario One test started
2023-08-12 01:59:08,152 - com.vihara.webapiautomation.Web.testCases.BaseUITest -INFO - Scenario One test finished
2023-08-12 01:59:40,025 - com.vihara.webapiautomation.Web.testCases.BaseUITest -INFO - Scenario One test started
2023-08-12 02:00:19,919 - com.vihara.webapiautomation.Web.testCases.BaseUITest -INFO - Scenario One test started
2023-08-12 02:00:22,239 - com.vihara.webapiautomation.Web.testCases.BaseUITest -INFO - Scenario One test finished
2023-08-12 02:34:50,238 - com.vihara.webapiautomation.Web.testCases.BaseUITest -INFO - Scenario One test started
2023-08-12 02:34:52,570 - com.vihara.webapiautomation.Web.testCases.BaseUITest -INFO - Scenario One test finished
2023-08-12 03:49:38,244 - com.vihara.webapiautomation.Web.testCases.BaseUITest -INFO - Scenario One test started
2023-08-12 03:49:41,279 - com.vihara.webapiautomation.Web.testCases.BaseUITest -INFO - Scenario One test finished
2023-08-12 04:46:46,241 - com.vihara.webapiautomation.Web.testCases.BaseUITest -INFO - Scenario One test started
2023-08-12 04:46:49,143 - com.vihara.webapiautomation.Web.testCases.BaseUITest -INFO - Scenario One test finished
2023-08-12 04:46:52,293 - com.vihara.webapiautomation.Web.testCases.BaseUITest -INFO - Scenario Three test started
2023-08-12 04:47:03,038 - com.vihara.webapiautomation.Web.testCases.BaseUITest -INFO - scenarioThree Test Failed!!:java.lang.reflect.InvocationTargetException
Build info: version: '4.9.0', revision: 'd7057100a6'
System info: os.name: 'Windows 10', os.arch: 'amd64', os.version: '10.0', java.version: '17.0.8'
Driver info: org.openqa.selenium.chrome.ChromeDriver
Command: [a845c0970a38401a964d8ba5bd2d39e1, actions {actions=[org.openqa.selenium.interactions.Sequence@40a1916d]}]
Capabilities {acceptInsecureCerts: false, browserName: chrome, browserVersion: 115.0.5790.171, chrome: {chromedriverVersion: 115.0.5790.170 (cc0d30c2ca5..., userDataDir: C:\Users\RAJITH~1\AppData\L...}, goog:chromeOptions: {debuggerAddress: localhost:50152}, networkConnectionEnabled: false, pageLoadStrategy: normal, platformName: WINDOWS, proxy: Proxy(), se:cdp: ws://localhost:50152/devtoo..., se:cdpVersion: 115.0.5790.171, setWindowRect: true, strictFileInteractability: false, timeouts: {implicit: 0, pageLoad: 300000, script: 30000}, unhandledPromptBehavior: dismiss and notify, webauthn:extension:credBlob: true, webauthn:extension:largeBlob: true, webauthn:extension:minPinLength: true, webauthn:extension:prf: true, webauthn:virtualAuthenticators: true}
Session ID: a845c0970a38401a964d8ba5bd2d39e1
2023-08-12 04:54:15,884 - com.vihara.webapiautomation.Web.testCases.BaseUITest -INFO - Scenario One test started
2023-08-12 04:54:19,085 - com.vihara.webapiautomation.Web.testCases.BaseUITest -INFO - Scenario One test finished
2023-08-12 04:55:30,295 - com.vihara.webapiautomation.Web.testCases.BaseUITest -INFO - Scenario One test started
2023-08-12 04:55:33,290 - com.vihara.webapiautomation.Web.testCases.BaseUITest -INFO - Scenario One test finished
2023-08-13 23:51:34,932 - com.vihara.webapiautomation.Web.testCases.BaseUITest -INFO - Scenario One test started
2023-08-13 23:51:39,418 - com.vihara.webapiautomation.Web.testCases.BaseUITest -INFO - Scenario One test finished
2023-08-13 23:52:25,863 - com.vihara.webapiautomation.Web.testCases.BaseUITest -INFO - Scenario One test started
2023-08-13 23:52:28,748 - com.vihara.webapiautomation.Web.testCases.BaseUITest -INFO - Scenario One test finished
2023-08-13 23:52:46,885 - com.vihara.webapiautomation.Web.testCases.BaseUITest -INFO - Scenario One test started
2023-08-13 23:52:49,028 - com.vihara.webapiautomation.Web.testCases.BaseUITest -ERROR - Search Test Failed!!:
org.openqa.selenium.ElementClickInterceptedException: element click intercepted: Element <button type="submit" title="Search" class="action search" aria-label="Search" disabled="">...</button> is not clickable at point (1190, 129). Other element would receive the click: <input id="search" type="text" name="q" value="" placeholder="Search entire store here..." class="input-text" maxlength="128" role="combobox" aria-haspopup="false" aria-autocomplete="both" autocomplete="off" aria-expanded="true">
  (Session info: chrome=115.0.5790.171)
Build info: version: '4.9.0', revision: 'd7057100a6'
System info: os.name: 'Windows 10', os.arch: 'amd64', os.version: '10.0', java.version: '17.0.8'
Driver info: org.openqa.selenium.chrome.ChromeDriver
Command: [1bad8fa909a25defc76a40ded351cbea, clickElement {id=0FC96E2EBB06253FD028751A2146089E_element_25}]
Capabilities {acceptInsecureCerts: false, browserName: chrome, browserVersion: 115.0.5790.171, chrome: {chromedriverVersion: 114.0.5735.90 (386bc09e8f4f..., userDataDir: C:\Users\INOVA\AppData\Loca...}, goog:chromeOptions: {debuggerAddress: localhost:64651}, networkConnectionEnabled: false, pageLoadStrategy: normal, platformName: WINDOWS, proxy: Proxy(), se:cdp: ws://localhost:64651/devtoo..., se:cdpVersion: 115.0.5790.171, setWindowRect: true, strictFileInteractability: false, timeouts: {implicit: 0, pageLoad: 300000, script: 30000}, unhandledPromptBehavior: dismiss and notify, webauthn:extension:credBlob: true, webauthn:extension:largeBlob: true, webauthn:extension:minPinLength: true, webauthn:extension:prf: true, webauthn:virtualAuthenticators: true}
Element: [[ChromeDriver: chrome on WINDOWS (1bad8fa909a25defc76a40ded351cbea)] -> xpath: //button[@title='Search']]
Session ID: 1bad8fa909a25defc76a40ded351cbea
	at java.base/jdk.internal.reflect.NativeConstructorAccessorImpl.newInstance0(Native Method)
	at java.base/jdk.internal.reflect.NativeConstructorAccessorImpl.newInstance(NativeConstructorAccessorImpl.java:77)
	at java.base/jdk.internal.reflect.DelegatingConstructorAccessorImpl.newInstance(DelegatingConstructorAccessorImpl.java:45)
	at java.base/java.lang.reflect.Constructor.newInstanceWithCaller(Constructor.java:499)
	at java.base/java.lang.reflect.Constructor.newInstance(Constructor.java:480)
	at org.openqa.selenium.remote.codec.w3c.W3CHttpResponseCodec.createException(W3CHttpResponseCodec.java:200)
	at org.openqa.selenium.remote.codec.w3c.W3CHttpResponseCodec.decode(W3CHttpResponseCodec.java:133)
	at org.openqa.selenium.remote.codec.w3c.W3CHttpResponseCodec.decode(W3CHttpResponseCodec.java:53)
	at org.openqa.selenium.remote.HttpCommandExecutor.execute(HttpCommandExecutor.java:193)
	at org.openqa.selenium.remote.service.DriverCommandExecutor.invokeExecute(DriverCommandExecutor.java:183)
	at org.openqa.selenium.remote.service.DriverCommandExecutor.execute(DriverCommandExecutor.java:158)
	at org.openqa.selenium.remote.RemoteWebDriver.execute(RemoteWebDriver.java:543)
	at org.openqa.selenium.remote.RemoteWebElement.execute(RemoteWebElement.java:257)
	at org.openqa.selenium.remote.RemoteWebElement.click(RemoteWebElement.java:78)
	at java.base/jdk.internal.reflect.NativeMethodAccessorImpl.invoke0(Native Method)
	at java.base/jdk.internal.reflect.NativeMethodAccessorImpl.invoke(NativeMethodAccessorImpl.java:77)
	at java.base/jdk.internal.reflect.DelegatingMethodAccessorImpl.invoke(DelegatingMethodAccessorImpl.java:43)
	at java.base/java.lang.reflect.Method.invoke(Method.java:568)
	at org.openqa.selenium.support.pagefactory.internal.LocatingElementHandler.invoke(LocatingElementHandler.java:52)
	at jdk.proxy2/jdk.proxy2.$Proxy16.click(Unknown Source)
	at com.vihara.webapiautomation.Web.PageObject.LUMAPage.Search(LUMAPage.java:101)
	at com.vihara.webapiautomation.Web.testCases.ScenarioOneTest.scenarioOne(ScenarioOneTest.java:15)
	at java.base/jdk.internal.reflect.NativeMethodAccessorImpl.invoke0(Native Method)
	at java.base/jdk.internal.reflect.NativeMethodAccessorImpl.invoke(NativeMethodAccessorImpl.java:77)
	at java.base/jdk.internal.reflect.DelegatingMethodAccessorImpl.invoke(DelegatingMethodAccessorImpl.java:43)
	at java.base/java.lang.reflect.Method.invoke(Method.java:568)
	at org.testng.internal.invokers.MethodInvocationHelper.invokeMethod(MethodInvocationHelper.java:139)
	at org.testng.internal.invokers.TestInvoker.invokeMethod(TestInvoker.java:677)
	at org.testng.internal.invokers.TestInvoker.invokeTestMethod(TestInvoker.java:221)
	at org.testng.internal.invokers.MethodRunner.runInSequence(MethodRunner.java:50)
	at org.testng.internal.invokers.TestInvoker$MethodInvocationAgent.invoke(TestInvoker.java:969)
	at org.testng.internal.invokers.TestInvoker.invokeTestMethods(TestInvoker.java:194)
	at org.testng.internal.invokers.TestMethodWorker.invokeTestMethods(TestMethodWorker.java:148)
	at org.testng.internal.invokers.TestMethodWorker.run(TestMethodWorker.java:128)
	at java.base/java.util.ArrayList.forEach(ArrayList.java:1511)
	at org.testng.TestRunner.privateRun(TestRunner.java:829)
	at org.testng.TestRunner.run(TestRunner.java:602)
	at org.testng.SuiteRunner.runTest(SuiteRunner.java:437)
	at org.testng.SuiteRunner.runSequentially(SuiteRunner.java:431)
	at org.testng.SuiteRunner.privateRun(SuiteRunner.java:391)
	at org.testng.SuiteRunner.run(SuiteRunner.java:330)
	at org.testng.SuiteRunnerWorker.runSuite(SuiteRunnerWorker.java:52)
	at org.testng.SuiteRunnerWorker.run(SuiteRunnerWorker.java:95)
	at org.testng.TestNG.runSuitesSequentially(TestNG.java:1256)
	at org.testng.TestNG.runSuitesLocally(TestNG.java:1176)
	at org.testng.TestNG.runSuites(TestNG.java:1099)
	at org.testng.TestNG.run(TestNG.java:1067)
	at com.intellij.rt.testng.IDEARemoteTestNG.run(IDEARemoteTestNG.java:66)
	at com.intellij.rt.testng.RemoteTestNGStarter.main(RemoteTestNGStarter.java:105)
2023-08-13 23:53:06,162 - com.vihara.webapiautomation.Web.testCases.BaseUITest -INFO - Scenario One test started
2023-08-13 23:53:09,591 - com.vihara.webapiautomation.Web.testCases.BaseUITest -INFO - Scenario One test finished
2023-08-13 23:57:28,706 - com.vihara.webapiautomation.Web.testCases.BaseUITest -INFO - Scenario One test started
2023-08-13 23:57:31,538 - com.vihara.webapiautomation.Web.testCases.BaseUITest -INFO - Scenario One test finished
2023-08-13 23:58:16,951 - com.vihara.webapiautomation.Web.testCases.BaseUITest -INFO - Scenario One test started
2023-08-13 23:58:19,797 - com.vihara.webapiautomation.Web.testCases.BaseUITest -INFO - Scenario One test finished
2023-08-13 23:59:27,729 - com.vihara.webapiautomation.Web.testCases.BaseUITest -INFO - Scenario Three test started
2023-08-13 23:59:34,672 - com.vihara.webapiautomation.Web.testCases.BaseUITest -INFO - scenarioThree Test Failed!!:java.lang.reflect.InvocationTargetException
Build info: version: '4.9.0', revision: 'd7057100a6'
System info: os.name: 'Windows 10', os.arch: 'amd64', os.version: '10.0', java.version: '17.0.8'
Driver info: org.openqa.selenium.chrome.ChromeDriver
Command: [f96c0056c13a4cc4dc2ea2aa612a93d3, actions {actions=[org.openqa.selenium.interactions.Sequence@16e4db59]}]
Capabilities {acceptInsecureCerts: false, browserName: chrome, browserVersion: 115.0.5790.171, chrome: {chromedriverVersion: 114.0.5735.90 (386bc09e8f4f..., userDataDir: C:\Users\INOVA\AppData\Loca...}, goog:chromeOptions: {debuggerAddress: localhost:64837}, networkConnectionEnabled: false, pageLoadStrategy: normal, platformName: WINDOWS, proxy: Proxy(), se:cdp: ws://localhost:64837/devtoo..., se:cdpVersion: 115.0.5790.171, setWindowRect: true, strictFileInteractability: false, timeouts: {implicit: 0, pageLoad: 300000, script: 30000}, unhandledPromptBehavior: dismiss and notify, webauthn:extension:credBlob: true, webauthn:extension:largeBlob: true, webauthn:extension:minPinLength: true, webauthn:extension:prf: true, webauthn:virtualAuthenticators: true}
Session ID: f96c0056c13a4cc4dc2ea2aa612a93d3
2023-08-15 14:53:11,282 - com.vihara.webapiautomation.Web.testCases.BaseUITest -INFO - Scenario One test started
2023-08-15 14:53:11,331 - com.vihara.webapiautomation.Web.testCases.BaseUITest -ERROR - Search Test Failed!!:
org.openqa.selenium.NoSuchWindowException: no such window: target window already closed
from unknown error: web view not found
  (Session info: chrome=115.0.5790.171)
Build info: version: '4.9.0', revision: 'd7057100a6'
System info: os.name: 'Windows 10', os.arch: 'amd64', os.version: '10.0', java.version: '17.0.8'
Driver info: org.openqa.selenium.chrome.ChromeDriver
Command: [61b4538da246afcc9b4d1e4670f28852, findElement {using=xpath, value=//*[@id='search']}]
Capabilities {acceptInsecureCerts: false, browserName: chrome, browserVersion: 115.0.5790.171, chrome: {chromedriverVersion: 114.0.5735.90 (386bc09e8f4f..., userDataDir: C:\Users\INOVA\AppData\Loca...}, goog:chromeOptions: {debuggerAddress: localhost:53601}, networkConnectionEnabled: false, pageLoadStrategy: normal, platformName: WINDOWS, proxy: Proxy(), se:cdp: ws://localhost:53601/devtoo..., se:cdpVersion: 115.0.5790.171, setWindowRect: true, strictFileInteractability: false, timeouts: {implicit: 0, pageLoad: 300000, script: 30000}, unhandledPromptBehavior: dismiss and notify, webauthn:extension:credBlob: true, webauthn:extension:largeBlob: true, webauthn:extension:minPinLength: true, webauthn:extension:prf: true, webauthn:virtualAuthenticators: true}
Session ID: 61b4538da246afcc9b4d1e4670f28852
	at java.base/jdk.internal.reflect.NativeConstructorAccessorImpl.newInstance0(Native Method)
	at java.base/jdk.internal.reflect.NativeConstructorAccessorImpl.newInstance(NativeConstructorAccessorImpl.java:77)
	at java.base/jdk.internal.reflect.DelegatingConstructorAccessorImpl.newInstance(DelegatingConstructorAccessorImpl.java:45)
	at java.base/java.lang.reflect.Constructor.newInstanceWithCaller(Constructor.java:499)
	at java.base/java.lang.reflect.Constructor.newInstance(Constructor.java:480)
	at org.openqa.selenium.remote.codec.w3c.W3CHttpResponseCodec.createException(W3CHttpResponseCodec.java:200)
	at org.openqa.selenium.remote.codec.w3c.W3CHttpResponseCodec.decode(W3CHttpResponseCodec.java:133)
	at org.openqa.selenium.remote.codec.w3c.W3CHttpResponseCodec.decode(W3CHttpResponseCodec.java:53)
	at org.openqa.selenium.remote.HttpCommandExecutor.execute(HttpCommandExecutor.java:193)
	at org.openqa.selenium.remote.service.DriverCommandExecutor.invokeExecute(DriverCommandExecutor.java:183)
	at org.openqa.selenium.remote.service.DriverCommandExecutor.execute(DriverCommandExecutor.java:158)
	at org.openqa.selenium.remote.RemoteWebDriver.execute(RemoteWebDriver.java:543)
	at org.openqa.selenium.remote.ElementLocation$ElementFinder$2.findElement(ElementLocation.java:162)
	at org.openqa.selenium.remote.ElementLocation.findElement(ElementLocation.java:60)
	at org.openqa.selenium.remote.RemoteWebDriver.findElement(RemoteWebDriver.java:352)
	at org.openqa.selenium.remote.RemoteWebDriver.findElement(RemoteWebDriver.java:344)
	at org.openqa.selenium.support.pagefactory.DefaultElementLocator.findElement(DefaultElementLocator.java:70)
	at org.openqa.selenium.support.pagefactory.internal.LocatingElementHandler.invoke(LocatingElementHandler.java:39)
	at jdk.proxy2/jdk.proxy2.$Proxy16.click(Unknown Source)
	at com.vihara.webapiautomation.Web.PageObject.LUMAPage.Search(LUMAPage.java:97)
	at com.vihara.webapiautomation.Web.testCases.ScenarioOneTest.scenarioOne(ScenarioOneTest.java:15)
	at java.base/jdk.internal.reflect.NativeMethodAccessorImpl.invoke0(Native Method)
	at java.base/jdk.internal.reflect.NativeMethodAccessorImpl.invoke(NativeMethodAccessorImpl.java:77)
	at java.base/jdk.internal.reflect.DelegatingMethodAccessorImpl.invoke(DelegatingMethodAccessorImpl.java:43)
	at java.base/java.lang.reflect.Method.invoke(Method.java:568)
	at org.testng.internal.invokers.MethodInvocationHelper.invokeMethod(MethodInvocationHelper.java:139)
	at org.testng.internal.invokers.TestInvoker.invokeMethod(TestInvoker.java:677)
	at org.testng.internal.invokers.TestInvoker.invokeTestMethod(TestInvoker.java:221)
	at org.testng.internal.invokers.MethodRunner.runInSequence(MethodRunner.java:50)
	at org.testng.internal.invokers.TestInvoker$MethodInvocationAgent.invoke(TestInvoker.java:969)
	at org.testng.internal.invokers.TestInvoker.invokeTestMethods(TestInvoker.java:194)
	at org.testng.internal.invokers.TestMethodWorker.invokeTestMethods(TestMethodWorker.java:148)
	at org.testng.internal.invokers.TestMethodWorker.run(TestMethodWorker.java:128)
	at java.base/java.util.ArrayList.forEach(ArrayList.java:1511)
	at org.testng.TestRunner.privateRun(TestRunner.java:829)
	at org.testng.TestRunner.run(TestRunner.java:602)
	at org.testng.SuiteRunner.runTest(SuiteRunner.java:437)
	at org.testng.SuiteRunner.runSequentially(SuiteRunner.java:431)
	at org.testng.SuiteRunner.privateRun(SuiteRunner.java:391)
	at org.testng.SuiteRunner.run(SuiteRunner.java:330)
	at org.testng.SuiteRunnerWorker.runSuite(SuiteRunnerWorker.java:52)
	at org.testng.SuiteRunnerWorker.run(SuiteRunnerWorker.java:95)
	at org.testng.TestNG.runSuitesSequentially(TestNG.java:1256)
	at org.testng.TestNG.runSuitesLocally(TestNG.java:1176)
	at org.testng.TestNG.runSuites(TestNG.java:1099)
	at org.testng.TestNG.run(TestNG.java:1067)
	at com.intellij.rt.testng.IDEARemoteTestNG.run(IDEARemoteTestNG.java:66)
	at com.intellij.rt.testng.RemoteTestNGStarter.main(RemoteTestNGStarter.java:105)
